<?xml version="1.0" encoding="UTF-8"?>
<!-- Generated by org.testng.reporters.JUnitXMLReporter -->
<testsuite ignored="0" hostname="ADMINRG-KGQ9CML" failures="1" tests="1" name="TestNGTest" time="3.442" errors="0" timestamp="2024-01-21T21:50:19 CET">
  <testcase classname="testNGTests.DevTest" name="contactTest" time="0.196">
    <failure type="java.lang.AssertionError" message="did not expect [Full name is required] but found [Full name is required]">
      <![CDATA[java.lang.AssertionError: did not expect [Full name is required] but found [Full name is required]
at testNGTests.DevTest.contactTest(DevTest.java:49)
at java.base/java.util.ArrayList.forEach(ArrayList.java:1511)
... Removed 32 stack frames]]>
    </failure>
  </testcase> <!-- contactTest -->
</testsuite> <!-- TestNGTest -->
