-------------------------------------------------------------------------------
Test set: TestSuite
-------------------------------------------------------------------------------
Tests run: 1, Failures: 1, Errors: 0, Skipped: 0, Time elapsed: 3.617 s <<< FAILURE! - in TestSuite
testNGTests.DevTest.contactTest[Full name is required](1)  Time elapsed: 0.319 s  <<< FAILURE!
java.lang.AssertionError: did not expect [Full name is required] but found [Full name is required]
	at testNGTests.DevTest.contactTest(DevTest.java:38)

